digraph Tree {
node [shape=box, style="filled, rounded", color="black", fontname="helvetica"] ;
edge [fontname="helvetica"] ;
0 [label=<x &le; 0.22<br/>gini = 0.666<br/>samples = 70<br/>value = [24, 22, 24]<br/>class = red>, fillcolor="#ffffff"] ;
1 [label=<y &le; -0.587<br/>gini = 0.366<br/>samples = 29<br/>value = [22, 0, 7]<br/>class = red>, fillcolor="#eda978"] ;
0 -> 1 [labeldistance=2.5, labelangle=45, headlabel="True"] ;
2 [label=<x &le; 0.006<br/>gini = 0.219<br/>samples = 8<br/>value = [1, 0, 7]<br/>class = orange>, fillcolor="#9355e9"] ;
1 -> 2 ;
3 [label=<gini = 0.0<br/>samples = 7<br/>value = [0, 0, 7]<br/>class = orange>, fillcolor="#8139e5"] ;
2 -> 3 ;
4 [label=<gini = 0.0<br/>samples = 1<br/>value = [1, 0, 0]<br/>class = red>, fillcolor="#e58139"] ;
2 -> 4 ;
5 [label=<gini = 0.0<br/>samples = 21<br/>value = [21, 0, 0]<br/>class = red>, fillcolor="#e58139"] ;
1 -> 5 ;
6 [label=<y &le; 0.071<br/>gini = 0.538<br/>samples = 41<br/>value = [2, 22, 17]<br/>class = black>, fillcolor="#d6fae5"] ;
0 -> 6 [labeldistance=2.5, labelangle=-45, headlabel="False"] ;
7 [label=<y &le; -1.372<br/>gini = 0.446<br/>samples = 23<br/>value = [1, 6, 16]<br/>class = orange>, fillcolor="#b58bf0"] ;
6 -> 7 ;
8 [label=<gini = 0.0<br/>samples = 7<br/>value = [0, 0, 7]<br/>class = orange>, fillcolor="#8139e5"] ;
7 -> 8 ;
9 [label=<x &le; 1.501<br/>gini = 0.539<br/>samples = 16<br/>value = [1, 6, 9]<br/>class = orange>, fillcolor="#d9c4f7"] ;
7 -> 9 ;
10 [label=<x &le; 0.621<br/>gini = 0.569<br/>samples = 12<br/>value = [1, 6, 5]<br/>class = black>, fillcolor="#e3fbed"] ;
9 -> 10 ;
11 [label=<gini = 0.0<br/>samples = 3<br/>value = [0, 0, 3]<br/>class = orange>, fillcolor="#8139e5"] ;
10 -> 11 ;
12 [label=<y &le; -0.083<br/>gini = 0.494<br/>samples = 9<br/>value = [1, 6, 2]<br/>class = black>, fillcolor="#8ef0b7"] ;
10 -> 12 ;
13 [label=<x &le; 1.222<br/>gini = 0.245<br/>samples = 7<br/>value = [0, 6, 1]<br/>class = black>, fillcolor="#5ae996"] ;
12 -> 13 ;
14 [label=<gini = 0.0<br/>samples = 5<br/>value = [0, 5, 0]<br/>class = black>, fillcolor="#39e581"] ;
13 -> 14 ;
15 [label=<y &le; -0.756<br/>gini = 0.5<br/>samples = 2<br/>value = [0, 1, 1]<br/>class = black>, fillcolor="#ffffff"] ;
13 -> 15 ;
16 [label=<gini = 0.0<br/>samples = 1<br/>value = [0, 1, 0]<br/>class = black>, fillcolor="#39e581"] ;
15 -> 16 ;
17 [label=<gini = 0.0<br/>samples = 1<br/>value = [0, 0, 1]<br/>class = orange>, fillcolor="#8139e5"] ;
15 -> 17 ;
18 [label=<y &le; 0.023<br/>gini = 0.5<br/>samples = 2<br/>value = [1, 0, 1]<br/>class = red>, fillcolor="#ffffff"] ;
12 -> 18 ;
19 [label=<gini = 0.0<br/>samples = 1<br/>value = [1, 0, 0]<br/>class = red>, fillcolor="#e58139"] ;
18 -> 19 ;
20 [label=<gini = 0.0<br/>samples = 1<br/>value = [0, 0, 1]<br/>class = orange>, fillcolor="#8139e5"] ;
18 -> 20 ;
21 [label=<gini = 0.0<br/>samples = 4<br/>value = [0, 0, 4]<br/>class = orange>, fillcolor="#8139e5"] ;
9 -> 21 ;
22 [label=<x &le; 0.758<br/>gini = 0.204<br/>samples = 18<br/>value = [1, 16, 1]<br/>class = black>, fillcolor="#50e890"] ;
6 -> 22 ;
23 [label=<gini = 0.0<br/>samples = 1<br/>value = [1, 0, 0]<br/>class = red>, fillcolor="#e58139"] ;
22 -> 23 ;
24 [label=<x &le; 2.613<br/>gini = 0.111<br/>samples = 17<br/>value = [0, 16, 1]<br/>class = black>, fillcolor="#45e789"] ;
22 -> 24 ;
25 [label=<gini = 0.0<br/>samples = 16<br/>value = [0, 16, 0]<br/>class = black>, fillcolor="#39e581"] ;
24 -> 25 ;
26 [label=<gini = 0.0<br/>samples = 1<br/>value = [0, 0, 1]<br/>class = orange>, fillcolor="#8139e5"] ;
24 -> 26 ;
}